info: ::1 - - [16/Oct/2024:09:58:59 +0000] "POST /api/v1/users HTTP/1.1" 201 270 "-" "PostmanRuntime/7.42.0"

info: ::1 - - [16/Oct/2024:10:03:04 +0000] "POST /api/v1/users/login HTTP/1.1" 500 74 "-" "PostmanRuntime/7.42.0"

info: ::1 - - [16/Oct/2024:10:03:29 +0000] "POST /api/v1/users/login/ HTTP/1.1" 500 74 "-" "PostmanRuntime/7.42.0"

info: ::1 - - [16/Oct/2024:10:22:13 +0000] "POST /api/v1/users/login/ HTTP/1.1" 500 80 "-" "PostmanRuntime/7.42.0"

info: ::1 - - [16/Oct/2024:10:22:14 +0000] "POST /api/v1/users/login/ HTTP/1.1" 500 80 "-" "PostmanRuntime/7.42.0"

info: ::1 - - [16/Oct/2024:10:22:21 +0000] "POST /api/v1/users/login/ HTTP/1.1" 500 80 "-" "PostmanRuntime/7.42.0"

info: ::1 - - [16/Oct/2024:10:23:15 +0000] "POST /api/v1/users/login/ HTTP/1.1" 500 80 "-" "PostmanRuntime/7.42.0"

info: ::1 - - [16/Oct/2024:10:29:00 +0000] "POST /api/v1/users/login/ HTTP/1.1" 500 56 "-" "PostmanRuntime/7.42.0"

info: ::1 - - [16/Oct/2024:10:31:13 +0000] "POST /api/v1/users/login/ HTTP/1.1" 200 261 "-" "PostmanRuntime/7.42.0"

info: ::1 - - [16/Oct/2024:10:58:03 +0000] "POST /api/v1/users/login/ HTTP/1.1" 200 261 "-" "PostmanRuntime/7.42.0"

info: ::1 - - [16/Oct/2024:11:24:13 +0000] "POST /api/v1/users/ HTTP/1.1" 500 61 "-" "PostmanRuntime/7.42.0"

info: ::1 - - [16/Oct/2024:11:24:27 +0000] "POST /api/v1/users/ HTTP/1.1" 500 61 "-" "PostmanRuntime/7.42.0"

error: uncaughtException: listen EADDRINUSE: address already in use :::3000
Error: listen EADDRINUSE: address already in use :::3000
    at Server.setupListenHandle [as _listen2] (node:net:1904:16)
    at listenInCluster (node:net:1961:12)
    at Server.listen (node:net:2063:7)
    at Function.listen (C:\Users\OM KAKDE\Desktop\ExpressJS\fundooNotes_Application\node_modules\express\lib\application.js:635:24)
    at Object.<anonymous> (C:\Users\OM KAKDE\Desktop\ExpressJS\fundooNotes_Application\src\/index.js:37:5)
    at Module._compile (node:internal/modules/cjs/loader:1469:14)
    at Module._compile (C:\Users\OM KAKDE\Desktop\ExpressJS\fundooNotes_Application\node_modules\pirates\lib\index.js:117:24)
    at Module._extensions..js (node:internal/modules/cjs/loader:1548:10)
    at Object.newLoader [as .js] (C:\Users\OM KAKDE\Desktop\ExpressJS\fundooNotes_Application\node_modules\pirates\lib\index.js:121:7)
    at Module.load (node:internal/modules/cjs/loader:1288:32)
    at Function.Module._load (node:internal/modules/cjs/loader:1104:12)
    at Function.runMain (node:internal/modules/run_main:174:12)
    at Object.<anonymous> (C:\Users\OM KAKDE\Desktop\ExpressJS\fundooNotes_Application\node_modules\@babel\node\src\_babel-node.ts:159:12)
    at Module._compile (node:internal/modules/cjs/loader:1469:14)
    at Object.Module._extensions..js (node:internal/modules/cjs/loader:1548:10)
    at Module.load (node:internal/modules/cjs/loader:1288:32)
    at Function.Module._load (node:internal/modules/cjs/loader:1104:12)
    at Function.executeUserEntryPoint [as runMain] (node:internal/modules/run_main:174:12)
    at node:internal/main/run_main_module:28:49 {"date":"Wed Oct 16 2024 16:54:47 GMT+0530 (India Standard Time)","error":{"address":"::","code":"EADDRINUSE","errno":-4091,"port":3000,"syscall":"listen"},"exception":true,"os":{"loadavg":[0,0,0],"uptime":172891.75},"process":{"argv":["node","C:\\Users\\OM KAKDE\\Desktop\\ExpressJS\\fundooNotes_Application\\src\\index.js"],"cwd":"C:\\Users\\OM KAKDE\\Desktop\\ExpressJS\\fundooNotes_Application","execPath":"C:\\Program Files\\nodejs\\node.exe","gid":null,"memoryUsage":{"arrayBuffers":18292407,"external":21301229,"heapTotal":80736256,"heapUsed":49278720,"rss":117964800},"pid":29132,"uid":null,"version":"v20.17.0"},"stack":"Error: listen EADDRINUSE: address already in use :::3000\n    at Server.setupListenHandle [as _listen2] (node:net:1904:16)\n    at listenInCluster (node:net:1961:12)\n    at Server.listen (node:net:2063:7)\n    at Function.listen (C:\\Users\\OM KAKDE\\Desktop\\ExpressJS\\fundooNotes_Application\\node_modules\\express\\lib\\application.js:635:24)\n    at Object.<anonymous> (C:\\Users\\OM KAKDE\\Desktop\\ExpressJS\\fundooNotes_Application\\src\\/index.js:37:5)\n    at Module._compile (node:internal/modules/cjs/loader:1469:14)\n    at Module._compile (C:\\Users\\OM KAKDE\\Desktop\\ExpressJS\\fundooNotes_Application\\node_modules\\pirates\\lib\\index.js:117:24)\n    at Module._extensions..js (node:internal/modules/cjs/loader:1548:10)\n    at Object.newLoader [as .js] (C:\\Users\\OM KAKDE\\Desktop\\ExpressJS\\fundooNotes_Application\\node_modules\\pirates\\lib\\index.js:121:7)\n    at Module.load (node:internal/modules/cjs/loader:1288:32)\n    at Function.Module._load (node:internal/modules/cjs/loader:1104:12)\n    at Function.runMain (node:internal/modules/run_main:174:12)\n    at Object.<anonymous> (C:\\Users\\OM KAKDE\\Desktop\\ExpressJS\\fundooNotes_Application\\node_modules\\@babel\\node\\src\\_babel-node.ts:159:12)\n    at Module._compile (node:internal/modules/cjs/loader:1469:14)\n    at Object.Module._extensions..js (node:internal/modules/cjs/loader:1548:10)\n    at Module.load (node:internal/modules/cjs/loader:1288:32)\n    at Function.Module._load (node:internal/modules/cjs/loader:1104:12)\n    at Function.executeUserEntryPoint [as runMain] (node:internal/modules/run_main:174:12)\n    at node:internal/main/run_main_module:28:49","trace":[{"column":16,"file":"node:net","function":"Server.setupListenHandle [as _listen2]","line":1904,"method":"setupListenHandle [as _listen2]","native":false},{"column":12,"file":"node:net","function":"listenInCluster","line":1961,"method":null,"native":false},{"column":7,"file":"node:net","function":"Server.listen","line":2063,"method":"listen","native":false},{"column":24,"file":"C:\\Users\\OM KAKDE\\Desktop\\ExpressJS\\fundooNotes_Application\\node_modules\\express\\lib\\application.js","function":"Function.listen","line":635,"method":"listen","native":false},{"column":5,"file":"C:\\Users\\OM KAKDE\\Desktop\\ExpressJS\\fundooNotes_Application\\src\\/index.js","function":null,"line":37,"method":null,"native":false},{"column":14,"file":"node:internal/modules/cjs/loader","function":"Module._compile","line":1469,"method":"_compile","native":false},{"column":24,"file":"C:\\Users\\OM KAKDE\\Desktop\\ExpressJS\\fundooNotes_Application\\node_modules\\pirates\\lib\\index.js","function":"Module._compile","line":117,"method":"_compile","native":false},{"column":10,"file":"node:internal/modules/cjs/loader","function":"Module._extensions..js","line":1548,"method":".js","native":false},{"column":7,"file":"C:\\Users\\OM KAKDE\\Desktop\\ExpressJS\\fundooNotes_Application\\node_modules\\pirates\\lib\\index.js","function":"Object.newLoader [as .js]","line":121,"method":"js]","native":false},{"column":32,"file":"node:internal/modules/cjs/loader","function":"Module.load","line":1288,"method":"load","native":false},{"column":12,"file":"node:internal/modules/cjs/loader","function":"Module._load","line":1104,"method":"_load","native":false},{"column":12,"file":"node:internal/modules/run_main","function":"Function.runMain","line":174,"method":"runMain","native":false},{"column":12,"file":"C:\\Users\\OM KAKDE\\Desktop\\ExpressJS\\fundooNotes_Application\\node_modules\\@babel\\node\\src\\_babel-node.ts","function":null,"line":159,"method":null,"native":false},{"column":14,"file":"node:internal/modules/cjs/loader","function":"Module._compile","line":1469,"method":"_compile","native":false},{"column":10,"file":"node:internal/modules/cjs/loader","function":"Module._extensions..js","line":1548,"method":".js","native":false},{"column":32,"file":"node:internal/modules/cjs/loader","function":"Module.load","line":1288,"method":"load","native":false},{"column":12,"file":"node:internal/modules/cjs/loader","function":"Module._load","line":1104,"method":"_load","native":false},{"column":12,"file":"node:internal/modules/run_main","function":"Function.executeUserEntryPoint [as runMain]","line":174,"method":"executeUserEntryPoint [as runMain]","native":false},{"column":49,"file":"node:internal/main/run_main_module","function":null,"line":28,"method":null,"native":false}]}
error: uncaughtException: listen EADDRINUSE: address already in use :::3000
Error: listen EADDRINUSE: address already in use :::3000
    at Server.setupListenHandle [as _listen2] (node:net:1904:16)
    at listenInCluster (node:net:1961:12)
    at Server.listen (node:net:2063:7)
    at Function.listen (C:\Users\OM KAKDE\Desktop\ExpressJS\fundooNotes_Application\node_modules\express\lib\application.js:635:24)
    at Object.<anonymous> (C:\Users\OM KAKDE\Desktop\ExpressJS\fundooNotes_Application\src\/index.js:37:5)
    at Module._compile (node:internal/modules/cjs/loader:1469:14)
    at Module._compile (C:\Users\OM KAKDE\Desktop\ExpressJS\fundooNotes_Application\node_modules\pirates\lib\index.js:117:24)
    at Module._extensions..js (node:internal/modules/cjs/loader:1548:10)
    at Object.newLoader [as .js] (C:\Users\OM KAKDE\Desktop\ExpressJS\fundooNotes_Application\node_modules\pirates\lib\index.js:121:7)
    at Module.load (node:internal/modules/cjs/loader:1288:32)
    at Function.Module._load (node:internal/modules/cjs/loader:1104:12)
    at Function.runMain (node:internal/modules/run_main:174:12)
    at Object.<anonymous> (C:\Users\OM KAKDE\Desktop\ExpressJS\fundooNotes_Application\node_modules\@babel\node\src\_babel-node.ts:159:12)
    at Module._compile (node:internal/modules/cjs/loader:1469:14)
    at Object.Module._extensions..js (node:internal/modules/cjs/loader:1548:10)
    at Module.load (node:internal/modules/cjs/loader:1288:32)
    at Function.Module._load (node:internal/modules/cjs/loader:1104:12)
    at Function.executeUserEntryPoint [as runMain] (node:internal/modules/run_main:174:12)
    at node:internal/main/run_main_module:28:49 {"date":"Wed Oct 16 2024 16:55:09 GMT+0530 (India Standard Time)","error":{"address":"::","code":"EADDRINUSE","errno":-4091,"port":3000,"syscall":"listen"},"exception":true,"os":{"loadavg":[0,0,0],"uptime":172914.234},"process":{"argv":["node","C:\\Users\\OM KAKDE\\Desktop\\ExpressJS\\fundooNotes_Application\\src\\index.js"],"cwd":"C:\\Users\\OM KAKDE\\Desktop\\ExpressJS\\fundooNotes_Application","execPath":"C:\\Program Files\\nodejs\\node.exe","gid":null,"memoryUsage":{"arrayBuffers":18284213,"external":21293035,"heapTotal":79949824,"heapUsed":53109760,"rss":116551680},"pid":4720,"uid":null,"version":"v20.17.0"},"stack":"Error: listen EADDRINUSE: address already in use :::3000\n    at Server.setupListenHandle [as _listen2] (node:net:1904:16)\n    at listenInCluster (node:net:1961:12)\n    at Server.listen (node:net:2063:7)\n    at Function.listen (C:\\Users\\OM KAKDE\\Desktop\\ExpressJS\\fundooNotes_Application\\node_modules\\express\\lib\\application.js:635:24)\n    at Object.<anonymous> (C:\\Users\\OM KAKDE\\Desktop\\ExpressJS\\fundooNotes_Application\\src\\/index.js:37:5)\n    at Module._compile (node:internal/modules/cjs/loader:1469:14)\n    at Module._compile (C:\\Users\\OM KAKDE\\Desktop\\ExpressJS\\fundooNotes_Application\\node_modules\\pirates\\lib\\index.js:117:24)\n    at Module._extensions..js (node:internal/modules/cjs/loader:1548:10)\n    at Object.newLoader [as .js] (C:\\Users\\OM KAKDE\\Desktop\\ExpressJS\\fundooNotes_Application\\node_modules\\pirates\\lib\\index.js:121:7)\n    at Module.load (node:internal/modules/cjs/loader:1288:32)\n    at Function.Module._load (node:internal/modules/cjs/loader:1104:12)\n    at Function.runMain (node:internal/modules/run_main:174:12)\n    at Object.<anonymous> (C:\\Users\\OM KAKDE\\Desktop\\ExpressJS\\fundooNotes_Application\\node_modules\\@babel\\node\\src\\_babel-node.ts:159:12)\n    at Module._compile (node:internal/modules/cjs/loader:1469:14)\n    at Object.Module._extensions..js (node:internal/modules/cjs/loader:1548:10)\n    at Module.load (node:internal/modules/cjs/loader:1288:32)\n    at Function.Module._load (node:internal/modules/cjs/loader:1104:12)\n    at Function.executeUserEntryPoint [as runMain] (node:internal/modules/run_main:174:12)\n    at node:internal/main/run_main_module:28:49","trace":[{"column":16,"file":"node:net","function":"Server.setupListenHandle [as _listen2]","line":1904,"method":"setupListenHandle [as _listen2]","native":false},{"column":12,"file":"node:net","function":"listenInCluster","line":1961,"method":null,"native":false},{"column":7,"file":"node:net","function":"Server.listen","line":2063,"method":"listen","native":false},{"column":24,"file":"C:\\Users\\OM KAKDE\\Desktop\\ExpressJS\\fundooNotes_Application\\node_modules\\express\\lib\\application.js","function":"Function.listen","line":635,"method":"listen","native":false},{"column":5,"file":"C:\\Users\\OM KAKDE\\Desktop\\ExpressJS\\fundooNotes_Application\\src\\/index.js","function":null,"line":37,"method":null,"native":false},{"column":14,"file":"node:internal/modules/cjs/loader","function":"Module._compile","line":1469,"method":"_compile","native":false},{"column":24,"file":"C:\\Users\\OM KAKDE\\Desktop\\ExpressJS\\fundooNotes_Application\\node_modules\\pirates\\lib\\index.js","function":"Module._compile","line":117,"method":"_compile","native":false},{"column":10,"file":"node:internal/modules/cjs/loader","function":"Module._extensions..js","line":1548,"method":".js","native":false},{"column":7,"file":"C:\\Users\\OM KAKDE\\Desktop\\ExpressJS\\fundooNotes_Application\\node_modules\\pirates\\lib\\index.js","function":"Object.newLoader [as .js]","line":121,"method":"js]","native":false},{"column":32,"file":"node:internal/modules/cjs/loader","function":"Module.load","line":1288,"method":"load","native":false},{"column":12,"file":"node:internal/modules/cjs/loader","function":"Module._load","line":1104,"method":"_load","native":false},{"column":12,"file":"node:internal/modules/run_main","function":"Function.runMain","line":174,"method":"runMain","native":false},{"column":12,"file":"C:\\Users\\OM KAKDE\\Desktop\\ExpressJS\\fundooNotes_Application\\node_modules\\@babel\\node\\src\\_babel-node.ts","function":null,"line":159,"method":null,"native":false},{"column":14,"file":"node:internal/modules/cjs/loader","function":"Module._compile","line":1469,"method":"_compile","native":false},{"column":10,"file":"node:internal/modules/cjs/loader","function":"Module._extensions..js","line":1548,"method":".js","native":false},{"column":32,"file":"node:internal/modules/cjs/loader","function":"Module.load","line":1288,"method":"load","native":false},{"column":12,"file":"node:internal/modules/cjs/loader","function":"Module._load","line":1104,"method":"_load","native":false},{"column":12,"file":"node:internal/modules/run_main","function":"Function.executeUserEntryPoint [as runMain]","line":174,"method":"executeUserEntryPoint [as runMain]","native":false},{"column":49,"file":"node:internal/main/run_main_module","function":null,"line":28,"method":null,"native":false}]}
error: uncaughtException: listen EADDRINUSE: address already in use :::3000
Error: listen EADDRINUSE: address already in use :::3000
    at Server.setupListenHandle [as _listen2] (node:net:1904:16)
    at listenInCluster (node:net:1961:12)
    at Server.listen (node:net:2063:7)
    at Function.listen (C:\Users\OM KAKDE\Desktop\ExpressJS\fundooNotes_Application\node_modules\express\lib\application.js:635:24)
    at Object.<anonymous> (C:\Users\OM KAKDE\Desktop\ExpressJS\fundooNotes_Application\src\/index.js:37:5)
    at Module._compile (node:internal/modules/cjs/loader:1469:14)
    at Module._compile (C:\Users\OM KAKDE\Desktop\ExpressJS\fundooNotes_Application\node_modules\pirates\lib\index.js:117:24)
    at Module._extensions..js (node:internal/modules/cjs/loader:1548:10)
    at Object.newLoader [as .js] (C:\Users\OM KAKDE\Desktop\ExpressJS\fundooNotes_Application\node_modules\pirates\lib\index.js:121:7)
    at Module.load (node:internal/modules/cjs/loader:1288:32)
    at Function.Module._load (node:internal/modules/cjs/loader:1104:12)
    at Function.runMain (node:internal/modules/run_main:174:12)
    at Object.<anonymous> (C:\Users\OM KAKDE\Desktop\ExpressJS\fundooNotes_Application\node_modules\@babel\node\src\_babel-node.ts:159:12)
    at Module._compile (node:internal/modules/cjs/loader:1469:14)
    at Object.Module._extensions..js (node:internal/modules/cjs/loader:1548:10)
    at Module.load (node:internal/modules/cjs/loader:1288:32)
    at Function.Module._load (node:internal/modules/cjs/loader:1104:12)
    at Function.executeUserEntryPoint [as runMain] (node:internal/modules/run_main:174:12)
    at node:internal/main/run_main_module:28:49 {"date":"Wed Oct 16 2024 16:55:23 GMT+0530 (India Standard Time)","error":{"address":"::","code":"EADDRINUSE","errno":-4091,"port":3000,"syscall":"listen"},"exception":true,"os":{"loadavg":[0,0,0],"uptime":172928.187},"process":{"argv":["node","C:\\Users\\OM KAKDE\\Desktop\\ExpressJS\\fundooNotes_Application\\src\\index.js"],"cwd":"C:\\Users\\OM KAKDE\\Desktop\\ExpressJS\\fundooNotes_Application","execPath":"C:\\Program Files\\nodejs\\node.exe","gid":null,"memoryUsage":{"arrayBuffers":18292407,"external":21301229,"heapTotal":80736256,"heapUsed":49047264,"rss":119033856},"pid":40824,"uid":null,"version":"v20.17.0"},"stack":"Error: listen EADDRINUSE: address already in use :::3000\n    at Server.setupListenHandle [as _listen2] (node:net:1904:16)\n    at listenInCluster (node:net:1961:12)\n    at Server.listen (node:net:2063:7)\n    at Function.listen (C:\\Users\\OM KAKDE\\Desktop\\ExpressJS\\fundooNotes_Application\\node_modules\\express\\lib\\application.js:635:24)\n    at Object.<anonymous> (C:\\Users\\OM KAKDE\\Desktop\\ExpressJS\\fundooNotes_Application\\src\\/index.js:37:5)\n    at Module._compile (node:internal/modules/cjs/loader:1469:14)\n    at Module._compile (C:\\Users\\OM KAKDE\\Desktop\\ExpressJS\\fundooNotes_Application\\node_modules\\pirates\\lib\\index.js:117:24)\n    at Module._extensions..js (node:internal/modules/cjs/loader:1548:10)\n    at Object.newLoader [as .js] (C:\\Users\\OM KAKDE\\Desktop\\ExpressJS\\fundooNotes_Application\\node_modules\\pirates\\lib\\index.js:121:7)\n    at Module.load (node:internal/modules/cjs/loader:1288:32)\n    at Function.Module._load (node:internal/modules/cjs/loader:1104:12)\n    at Function.runMain (node:internal/modules/run_main:174:12)\n    at Object.<anonymous> (C:\\Users\\OM KAKDE\\Desktop\\ExpressJS\\fundooNotes_Application\\node_modules\\@babel\\node\\src\\_babel-node.ts:159:12)\n    at Module._compile (node:internal/modules/cjs/loader:1469:14)\n    at Object.Module._extensions..js (node:internal/modules/cjs/loader:1548:10)\n    at Module.load (node:internal/modules/cjs/loader:1288:32)\n    at Function.Module._load (node:internal/modules/cjs/loader:1104:12)\n    at Function.executeUserEntryPoint [as runMain] (node:internal/modules/run_main:174:12)\n    at node:internal/main/run_main_module:28:49","trace":[{"column":16,"file":"node:net","function":"Server.setupListenHandle [as _listen2]","line":1904,"method":"setupListenHandle [as _listen2]","native":false},{"column":12,"file":"node:net","function":"listenInCluster","line":1961,"method":null,"native":false},{"column":7,"file":"node:net","function":"Server.listen","line":2063,"method":"listen","native":false},{"column":24,"file":"C:\\Users\\OM KAKDE\\Desktop\\ExpressJS\\fundooNotes_Application\\node_modules\\express\\lib\\application.js","function":"Function.listen","line":635,"method":"listen","native":false},{"column":5,"file":"C:\\Users\\OM KAKDE\\Desktop\\ExpressJS\\fundooNotes_Application\\src\\/index.js","function":null,"line":37,"method":null,"native":false},{"column":14,"file":"node:internal/modules/cjs/loader","function":"Module._compile","line":1469,"method":"_compile","native":false},{"column":24,"file":"C:\\Users\\OM KAKDE\\Desktop\\ExpressJS\\fundooNotes_Application\\node_modules\\pirates\\lib\\index.js","function":"Module._compile","line":117,"method":"_compile","native":false},{"column":10,"file":"node:internal/modules/cjs/loader","function":"Module._extensions..js","line":1548,"method":".js","native":false},{"column":7,"file":"C:\\Users\\OM KAKDE\\Desktop\\ExpressJS\\fundooNotes_Application\\node_modules\\pirates\\lib\\index.js","function":"Object.newLoader [as .js]","line":121,"method":"js]","native":false},{"column":32,"file":"node:internal/modules/cjs/loader","function":"Module.load","line":1288,"method":"load","native":false},{"column":12,"file":"node:internal/modules/cjs/loader","function":"Module._load","line":1104,"method":"_load","native":false},{"column":12,"file":"node:internal/modules/run_main","function":"Function.runMain","line":174,"method":"runMain","native":false},{"column":12,"file":"C:\\Users\\OM KAKDE\\Desktop\\ExpressJS\\fundooNotes_Application\\node_modules\\@babel\\node\\src\\_babel-node.ts","function":null,"line":159,"method":null,"native":false},{"column":14,"file":"node:internal/modules/cjs/loader","function":"Module._compile","line":1469,"method":"_compile","native":false},{"column":10,"file":"node:internal/modules/cjs/loader","function":"Module._extensions..js","line":1548,"method":".js","native":false},{"column":32,"file":"node:internal/modules/cjs/loader","function":"Module.load","line":1288,"method":"load","native":false},{"column":12,"file":"node:internal/modules/cjs/loader","function":"Module._load","line":1104,"method":"_load","native":false},{"column":12,"file":"node:internal/modules/run_main","function":"Function.executeUserEntryPoint [as runMain]","line":174,"method":"executeUserEntryPoint [as runMain]","native":false},{"column":49,"file":"node:internal/main/run_main_module","function":null,"line":28,"method":null,"native":false}]}
error: uncaughtException: listen EADDRINUSE: address already in use :::3000
Error: listen EADDRINUSE: address already in use :::3000
    at Server.setupListenHandle [as _listen2] (node:net:1904:16)
    at listenInCluster (node:net:1961:12)
    at Server.listen (node:net:2063:7)
    at Function.listen (C:\Users\OM KAKDE\Desktop\ExpressJS\fundooNotes_Application\node_modules\express\lib\application.js:635:24)
    at Object.<anonymous> (C:\Users\OM KAKDE\Desktop\ExpressJS\fundooNotes_Application\src\/index.js:37:5)
    at Module._compile (node:internal/modules/cjs/loader:1469:14)
    at Module._compile (C:\Users\OM KAKDE\Desktop\ExpressJS\fundooNotes_Application\node_modules\pirates\lib\index.js:117:24)
    at Module._extensions..js (node:internal/modules/cjs/loader:1548:10)
    at Object.newLoader [as .js] (C:\Users\OM KAKDE\Desktop\ExpressJS\fundooNotes_Application\node_modules\pirates\lib\index.js:121:7)
    at Module.load (node:internal/modules/cjs/loader:1288:32)
    at Function.Module._load (node:internal/modules/cjs/loader:1104:12)
    at Function.runMain (node:internal/modules/run_main:174:12)
    at Object.<anonymous> (C:\Users\OM KAKDE\Desktop\ExpressJS\fundooNotes_Application\node_modules\@babel\node\src\_babel-node.ts:159:12)
    at Module._compile (node:internal/modules/cjs/loader:1469:14)
    at Object.Module._extensions..js (node:internal/modules/cjs/loader:1548:10)
    at Module.load (node:internal/modules/cjs/loader:1288:32)
    at Function.Module._load (node:internal/modules/cjs/loader:1104:12)
    at Function.executeUserEntryPoint [as runMain] (node:internal/modules/run_main:174:12)
    at node:internal/main/run_main_module:28:49 {"date":"Wed Oct 16 2024 16:55:34 GMT+0530 (India Standard Time)","error":{"address":"::","code":"EADDRINUSE","errno":-4091,"port":3000,"syscall":"listen"},"exception":true,"os":{"loadavg":[0,0,0],"uptime":172939.359},"process":{"argv":["node","C:\\Users\\OM KAKDE\\Desktop\\ExpressJS\\fundooNotes_Application\\src\\index.js"],"cwd":"C:\\Users\\OM KAKDE\\Desktop\\ExpressJS\\fundooNotes_Application","execPath":"C:\\Program Files\\nodejs\\node.exe","gid":null,"memoryUsage":{"arrayBuffers":18292407,"external":21301229,"heapTotal":80736256,"heapUsed":48504984,"rss":117477376},"pid":22440,"uid":null,"version":"v20.17.0"},"stack":"Error: listen EADDRINUSE: address already in use :::3000\n    at Server.setupListenHandle [as _listen2] (node:net:1904:16)\n    at listenInCluster (node:net:1961:12)\n    at Server.listen (node:net:2063:7)\n    at Function.listen (C:\\Users\\OM KAKDE\\Desktop\\ExpressJS\\fundooNotes_Application\\node_modules\\express\\lib\\application.js:635:24)\n    at Object.<anonymous> (C:\\Users\\OM KAKDE\\Desktop\\ExpressJS\\fundooNotes_Application\\src\\/index.js:37:5)\n    at Module._compile (node:internal/modules/cjs/loader:1469:14)\n    at Module._compile (C:\\Users\\OM KAKDE\\Desktop\\ExpressJS\\fundooNotes_Application\\node_modules\\pirates\\lib\\index.js:117:24)\n    at Module._extensions..js (node:internal/modules/cjs/loader:1548:10)\n    at Object.newLoader [as .js] (C:\\Users\\OM KAKDE\\Desktop\\ExpressJS\\fundooNotes_Application\\node_modules\\pirates\\lib\\index.js:121:7)\n    at Module.load (node:internal/modules/cjs/loader:1288:32)\n    at Function.Module._load (node:internal/modules/cjs/loader:1104:12)\n    at Function.runMain (node:internal/modules/run_main:174:12)\n    at Object.<anonymous> (C:\\Users\\OM KAKDE\\Desktop\\ExpressJS\\fundooNotes_Application\\node_modules\\@babel\\node\\src\\_babel-node.ts:159:12)\n    at Module._compile (node:internal/modules/cjs/loader:1469:14)\n    at Object.Module._extensions..js (node:internal/modules/cjs/loader:1548:10)\n    at Module.load (node:internal/modules/cjs/loader:1288:32)\n    at Function.Module._load (node:internal/modules/cjs/loader:1104:12)\n    at Function.executeUserEntryPoint [as runMain] (node:internal/modules/run_main:174:12)\n    at node:internal/main/run_main_module:28:49","trace":[{"column":16,"file":"node:net","function":"Server.setupListenHandle [as _listen2]","line":1904,"method":"setupListenHandle [as _listen2]","native":false},{"column":12,"file":"node:net","function":"listenInCluster","line":1961,"method":null,"native":false},{"column":7,"file":"node:net","function":"Server.listen","line":2063,"method":"listen","native":false},{"column":24,"file":"C:\\Users\\OM KAKDE\\Desktop\\ExpressJS\\fundooNotes_Application\\node_modules\\express\\lib\\application.js","function":"Function.listen","line":635,"method":"listen","native":false},{"column":5,"file":"C:\\Users\\OM KAKDE\\Desktop\\ExpressJS\\fundooNotes_Application\\src\\/index.js","function":null,"line":37,"method":null,"native":false},{"column":14,"file":"node:internal/modules/cjs/loader","function":"Module._compile","line":1469,"method":"_compile","native":false},{"column":24,"file":"C:\\Users\\OM KAKDE\\Desktop\\ExpressJS\\fundooNotes_Application\\node_modules\\pirates\\lib\\index.js","function":"Module._compile","line":117,"method":"_compile","native":false},{"column":10,"file":"node:internal/modules/cjs/loader","function":"Module._extensions..js","line":1548,"method":".js","native":false},{"column":7,"file":"C:\\Users\\OM KAKDE\\Desktop\\ExpressJS\\fundooNotes_Application\\node_modules\\pirates\\lib\\index.js","function":"Object.newLoader [as .js]","line":121,"method":"js]","native":false},{"column":32,"file":"node:internal/modules/cjs/loader","function":"Module.load","line":1288,"method":"load","native":false},{"column":12,"file":"node:internal/modules/cjs/loader","function":"Module._load","line":1104,"method":"_load","native":false},{"column":12,"file":"node:internal/modules/run_main","function":"Function.runMain","line":174,"method":"runMain","native":false},{"column":12,"file":"C:\\Users\\OM KAKDE\\Desktop\\ExpressJS\\fundooNotes_Application\\node_modules\\@babel\\node\\src\\_babel-node.ts","function":null,"line":159,"method":null,"native":false},{"column":14,"file":"node:internal/modules/cjs/loader","function":"Module._compile","line":1469,"method":"_compile","native":false},{"column":10,"file":"node:internal/modules/cjs/loader","function":"Module._extensions..js","line":1548,"method":".js","native":false},{"column":32,"file":"node:internal/modules/cjs/loader","function":"Module.load","line":1288,"method":"load","native":false},{"column":12,"file":"node:internal/modules/cjs/loader","function":"Module._load","line":1104,"method":"_load","native":false},{"column":12,"file":"node:internal/modules/run_main","function":"Function.executeUserEntryPoint [as runMain]","line":174,"method":"executeUserEntryPoint [as runMain]","native":false},{"column":49,"file":"node:internal/main/run_main_module","function":null,"line":28,"method":null,"native":false}]}
info: ::1 - - [16/Oct/2024:11:25:41 +0000] "POST /api/v1/users/ HTTP/1.1" 500 61 "-" "PostmanRuntime/7.42.0"

error: uncaughtException: listen EADDRINUSE: address already in use :::3000
Error: listen EADDRINUSE: address already in use :::3000
    at Server.setupListenHandle [as _listen2] (node:net:1904:16)
    at listenInCluster (node:net:1961:12)
    at Server.listen (node:net:2063:7)
    at Function.listen (C:\Users\OM KAKDE\Desktop\ExpressJS\fundooNotes_Application\node_modules\express\lib\application.js:635:24)
    at Object.<anonymous> (C:\Users\OM KAKDE\Desktop\ExpressJS\fundooNotes_Application\src\/index.js:37:5)
    at Module._compile (node:internal/modules/cjs/loader:1469:14)
    at Module._compile (C:\Users\OM KAKDE\Desktop\ExpressJS\fundooNotes_Application\node_modules\pirates\lib\index.js:117:24)
    at Module._extensions..js (node:internal/modules/cjs/loader:1548:10)
    at Object.newLoader [as .js] (C:\Users\OM KAKDE\Desktop\ExpressJS\fundooNotes_Application\node_modules\pirates\lib\index.js:121:7)
    at Module.load (node:internal/modules/cjs/loader:1288:32)
    at Function.Module._load (node:internal/modules/cjs/loader:1104:12)
    at Function.runMain (node:internal/modules/run_main:174:12)
    at Object.<anonymous> (C:\Users\OM KAKDE\Desktop\ExpressJS\fundooNotes_Application\node_modules\@babel\node\src\_babel-node.ts:159:12)
    at Module._compile (node:internal/modules/cjs/loader:1469:14)
    at Object.Module._extensions..js (node:internal/modules/cjs/loader:1548:10)
    at Module.load (node:internal/modules/cjs/loader:1288:32)
    at Function.Module._load (node:internal/modules/cjs/loader:1104:12)
    at Function.executeUserEntryPoint [as runMain] (node:internal/modules/run_main:174:12)
    at node:internal/main/run_main_module:28:49 {"date":"Wed Oct 16 2024 16:56:09 GMT+0530 (India Standard Time)","error":{"address":"::","code":"EADDRINUSE","errno":-4091,"port":3000,"syscall":"listen"},"exception":true,"os":{"loadavg":[0,0,0],"uptime":172974.187},"process":{"argv":["node","C:\\Users\\OM KAKDE\\Desktop\\ExpressJS\\fundooNotes_Application\\src\\index.js"],"cwd":"C:\\Users\\OM KAKDE\\Desktop\\ExpressJS\\fundooNotes_Application","execPath":"C:\\Program Files\\nodejs\\node.exe","gid":null,"memoryUsage":{"arrayBuffers":18284215,"external":21293037,"heapTotal":80211968,"heapUsed":52499432,"rss":116768768},"pid":18700,"uid":null,"version":"v20.17.0"},"stack":"Error: listen EADDRINUSE: address already in use :::3000\n    at Server.setupListenHandle [as _listen2] (node:net:1904:16)\n    at listenInCluster (node:net:1961:12)\n    at Server.listen (node:net:2063:7)\n    at Function.listen (C:\\Users\\OM KAKDE\\Desktop\\ExpressJS\\fundooNotes_Application\\node_modules\\express\\lib\\application.js:635:24)\n    at Object.<anonymous> (C:\\Users\\OM KAKDE\\Desktop\\ExpressJS\\fundooNotes_Application\\src\\/index.js:37:5)\n    at Module._compile (node:internal/modules/cjs/loader:1469:14)\n    at Module._compile (C:\\Users\\OM KAKDE\\Desktop\\ExpressJS\\fundooNotes_Application\\node_modules\\pirates\\lib\\index.js:117:24)\n    at Module._extensions..js (node:internal/modules/cjs/loader:1548:10)\n    at Object.newLoader [as .js] (C:\\Users\\OM KAKDE\\Desktop\\ExpressJS\\fundooNotes_Application\\node_modules\\pirates\\lib\\index.js:121:7)\n    at Module.load (node:internal/modules/cjs/loader:1288:32)\n    at Function.Module._load (node:internal/modules/cjs/loader:1104:12)\n    at Function.runMain (node:internal/modules/run_main:174:12)\n    at Object.<anonymous> (C:\\Users\\OM KAKDE\\Desktop\\ExpressJS\\fundooNotes_Application\\node_modules\\@babel\\node\\src\\_babel-node.ts:159:12)\n    at Module._compile (node:internal/modules/cjs/loader:1469:14)\n    at Object.Module._extensions..js (node:internal/modules/cjs/loader:1548:10)\n    at Module.load (node:internal/modules/cjs/loader:1288:32)\n    at Function.Module._load (node:internal/modules/cjs/loader:1104:12)\n    at Function.executeUserEntryPoint [as runMain] (node:internal/modules/run_main:174:12)\n    at node:internal/main/run_main_module:28:49","trace":[{"column":16,"file":"node:net","function":"Server.setupListenHandle [as _listen2]","line":1904,"method":"setupListenHandle [as _listen2]","native":false},{"column":12,"file":"node:net","function":"listenInCluster","line":1961,"method":null,"native":false},{"column":7,"file":"node:net","function":"Server.listen","line":2063,"method":"listen","native":false},{"column":24,"file":"C:\\Users\\OM KAKDE\\Desktop\\ExpressJS\\fundooNotes_Application\\node_modules\\express\\lib\\application.js","function":"Function.listen","line":635,"method":"listen","native":false},{"column":5,"file":"C:\\Users\\OM KAKDE\\Desktop\\ExpressJS\\fundooNotes_Application\\src\\/index.js","function":null,"line":37,"method":null,"native":false},{"column":14,"file":"node:internal/modules/cjs/loader","function":"Module._compile","line":1469,"method":"_compile","native":false},{"column":24,"file":"C:\\Users\\OM KAKDE\\Desktop\\ExpressJS\\fundooNotes_Application\\node_modules\\pirates\\lib\\index.js","function":"Module._compile","line":117,"method":"_compile","native":false},{"column":10,"file":"node:internal/modules/cjs/loader","function":"Module._extensions..js","line":1548,"method":".js","native":false},{"column":7,"file":"C:\\Users\\OM KAKDE\\Desktop\\ExpressJS\\fundooNotes_Application\\node_modules\\pirates\\lib\\index.js","function":"Object.newLoader [as .js]","line":121,"method":"js]","native":false},{"column":32,"file":"node:internal/modules/cjs/loader","function":"Module.load","line":1288,"method":"load","native":false},{"column":12,"file":"node:internal/modules/cjs/loader","function":"Module._load","line":1104,"method":"_load","native":false},{"column":12,"file":"node:internal/modules/run_main","function":"Function.runMain","line":174,"method":"runMain","native":false},{"column":12,"file":"C:\\Users\\OM KAKDE\\Desktop\\ExpressJS\\fundooNotes_Application\\node_modules\\@babel\\node\\src\\_babel-node.ts","function":null,"line":159,"method":null,"native":false},{"column":14,"file":"node:internal/modules/cjs/loader","function":"Module._compile","line":1469,"method":"_compile","native":false},{"column":10,"file":"node:internal/modules/cjs/loader","function":"Module._extensions..js","line":1548,"method":".js","native":false},{"column":32,"file":"node:internal/modules/cjs/loader","function":"Module.load","line":1288,"method":"load","native":false},{"column":12,"file":"node:internal/modules/cjs/loader","function":"Module._load","line":1104,"method":"_load","native":false},{"column":12,"file":"node:internal/modules/run_main","function":"Function.executeUserEntryPoint [as runMain]","line":174,"method":"executeUserEntryPoint [as runMain]","native":false},{"column":49,"file":"node:internal/main/run_main_module","function":null,"line":28,"method":null,"native":false}]}
error: uncaughtException: listen EADDRINUSE: address already in use :::3000
Error: listen EADDRINUSE: address already in use :::3000
    at Server.setupListenHandle [as _listen2] (node:net:1904:16)
    at listenInCluster (node:net:1961:12)
    at Server.listen (node:net:2063:7)
    at Function.listen (C:\Users\OM KAKDE\Desktop\ExpressJS\fundooNotes_Application\node_modules\express\lib\application.js:635:24)
    at Object.<anonymous> (C:\Users\OM KAKDE\Desktop\ExpressJS\fundooNotes_Application\src\/index.js:37:5)
    at Module._compile (node:internal/modules/cjs/loader:1469:14)
    at Module._compile (C:\Users\OM KAKDE\Desktop\ExpressJS\fundooNotes_Application\node_modules\pirates\lib\index.js:117:24)
    at Module._extensions..js (node:internal/modules/cjs/loader:1548:10)
    at Object.newLoader [as .js] (C:\Users\OM KAKDE\Desktop\ExpressJS\fundooNotes_Application\node_modules\pirates\lib\index.js:121:7)
    at Module.load (node:internal/modules/cjs/loader:1288:32)
    at Function.Module._load (node:internal/modules/cjs/loader:1104:12)
    at Function.runMain (node:internal/modules/run_main:174:12)
    at Object.<anonymous> (C:\Users\OM KAKDE\Desktop\ExpressJS\fundooNotes_Application\node_modules\@babel\node\src\_babel-node.ts:159:12)
    at Module._compile (node:internal/modules/cjs/loader:1469:14)
    at Object.Module._extensions..js (node:internal/modules/cjs/loader:1548:10)
    at Module.load (node:internal/modules/cjs/loader:1288:32)
    at Function.Module._load (node:internal/modules/cjs/loader:1104:12)
    at Function.executeUserEntryPoint [as runMain] (node:internal/modules/run_main:174:12)
    at node:internal/main/run_main_module:28:49 {"date":"Wed Oct 16 2024 16:56:45 GMT+0530 (India Standard Time)","error":{"address":"::","code":"EADDRINUSE","errno":-4091,"port":3000,"syscall":"listen"},"exception":true,"os":{"loadavg":[0,0,0],"uptime":173010.265},"process":{"argv":["node","C:\\Users\\OM KAKDE\\Desktop\\ExpressJS\\fundooNotes_Application\\src\\index.js"],"cwd":"C:\\Users\\OM KAKDE\\Desktop\\ExpressJS\\fundooNotes_Application","execPath":"C:\\Program Files\\nodejs\\node.exe","gid":null,"memoryUsage":{"arrayBuffers":18292405,"external":21301227,"heapTotal":83357696,"heapUsed":47556616,"rss":121786368},"pid":17724,"uid":null,"version":"v20.17.0"},"stack":"Error: listen EADDRINUSE: address already in use :::3000\n    at Server.setupListenHandle [as _listen2] (node:net:1904:16)\n    at listenInCluster (node:net:1961:12)\n    at Server.listen (node:net:2063:7)\n    at Function.listen (C:\\Users\\OM KAKDE\\Desktop\\ExpressJS\\fundooNotes_Application\\node_modules\\express\\lib\\application.js:635:24)\n    at Object.<anonymous> (C:\\Users\\OM KAKDE\\Desktop\\ExpressJS\\fundooNotes_Application\\src\\/index.js:37:5)\n    at Module._compile (node:internal/modules/cjs/loader:1469:14)\n    at Module._compile (C:\\Users\\OM KAKDE\\Desktop\\ExpressJS\\fundooNotes_Application\\node_modules\\pirates\\lib\\index.js:117:24)\n    at Module._extensions..js (node:internal/modules/cjs/loader:1548:10)\n    at Object.newLoader [as .js] (C:\\Users\\OM KAKDE\\Desktop\\ExpressJS\\fundooNotes_Application\\node_modules\\pirates\\lib\\index.js:121:7)\n    at Module.load (node:internal/modules/cjs/loader:1288:32)\n    at Function.Module._load (node:internal/modules/cjs/loader:1104:12)\n    at Function.runMain (node:internal/modules/run_main:174:12)\n    at Object.<anonymous> (C:\\Users\\OM KAKDE\\Desktop\\ExpressJS\\fundooNotes_Application\\node_modules\\@babel\\node\\src\\_babel-node.ts:159:12)\n    at Module._compile (node:internal/modules/cjs/loader:1469:14)\n    at Object.Module._extensions..js (node:internal/modules/cjs/loader:1548:10)\n    at Module.load (node:internal/modules/cjs/loader:1288:32)\n    at Function.Module._load (node:internal/modules/cjs/loader:1104:12)\n    at Function.executeUserEntryPoint [as runMain] (node:internal/modules/run_main:174:12)\n    at node:internal/main/run_main_module:28:49","trace":[{"column":16,"file":"node:net","function":"Server.setupListenHandle [as _listen2]","line":1904,"method":"setupListenHandle [as _listen2]","native":false},{"column":12,"file":"node:net","function":"listenInCluster","line":1961,"method":null,"native":false},{"column":7,"file":"node:net","function":"Server.listen","line":2063,"method":"listen","native":false},{"column":24,"file":"C:\\Users\\OM KAKDE\\Desktop\\ExpressJS\\fundooNotes_Application\\node_modules\\express\\lib\\application.js","function":"Function.listen","line":635,"method":"listen","native":false},{"column":5,"file":"C:\\Users\\OM KAKDE\\Desktop\\ExpressJS\\fundooNotes_Application\\src\\/index.js","function":null,"line":37,"method":null,"native":false},{"column":14,"file":"node:internal/modules/cjs/loader","function":"Module._compile","line":1469,"method":"_compile","native":false},{"column":24,"file":"C:\\Users\\OM KAKDE\\Desktop\\ExpressJS\\fundooNotes_Application\\node_modules\\pirates\\lib\\index.js","function":"Module._compile","line":117,"method":"_compile","native":false},{"column":10,"file":"node:internal/modules/cjs/loader","function":"Module._extensions..js","line":1548,"method":".js","native":false},{"column":7,"file":"C:\\Users\\OM KAKDE\\Desktop\\ExpressJS\\fundooNotes_Application\\node_modules\\pirates\\lib\\index.js","function":"Object.newLoader [as .js]","line":121,"method":"js]","native":false},{"column":32,"file":"node:internal/modules/cjs/loader","function":"Module.load","line":1288,"method":"load","native":false},{"column":12,"file":"node:internal/modules/cjs/loader","function":"Module._load","line":1104,"method":"_load","native":false},{"column":12,"file":"node:internal/modules/run_main","function":"Function.runMain","line":174,"method":"runMain","native":false},{"column":12,"file":"C:\\Users\\OM KAKDE\\Desktop\\ExpressJS\\fundooNotes_Application\\node_modules\\@babel\\node\\src\\_babel-node.ts","function":null,"line":159,"method":null,"native":false},{"column":14,"file":"node:internal/modules/cjs/loader","function":"Module._compile","line":1469,"method":"_compile","native":false},{"column":10,"file":"node:internal/modules/cjs/loader","function":"Module._extensions..js","line":1548,"method":".js","native":false},{"column":32,"file":"node:internal/modules/cjs/loader","function":"Module.load","line":1288,"method":"load","native":false},{"column":12,"file":"node:internal/modules/cjs/loader","function":"Module._load","line":1104,"method":"_load","native":false},{"column":12,"file":"node:internal/modules/run_main","function":"Function.executeUserEntryPoint [as runMain]","line":174,"method":"executeUserEntryPoint [as runMain]","native":false},{"column":49,"file":"node:internal/main/run_main_module","function":null,"line":28,"method":null,"native":false}]}
info: ::1 - - [16/Oct/2024:11:28:00 +0000] "POST /api/v1/users/ HTTP/1.1" 500 61 "-" "PostmanRuntime/7.42.0"

info: ::1 - - [16/Oct/2024:11:29:37 +0000] "POST /api/v1/users/ HTTP/1.1" 500 61 "-" "PostmanRuntime/7.42.0"

info: ::1 - - [16/Oct/2024:11:30:25 +0000] "POST /api/v1/ HTTP/1.1" 404 47 "-" "PostmanRuntime/7.42.0"

info: ::1 - - [16/Oct/2024:11:30:30 +0000] "GET /api/v1/ HTTP/1.1" 200 22 "-" "PostmanRuntime/7.42.0"

info: ::1 - - [16/Oct/2024:11:30:54 +0000] "POST /api/v1/users/ HTTP/1.1" 500 61 "-" "PostmanRuntime/7.42.0"

info: ::1 - - [16/Oct/2024:11:31:30 +0000] "POST /api/v1/users/login/ HTTP/1.1" 200 261 "-" "PostmanRuntime/7.42.0"

info: ::1 - - [16/Oct/2024:11:32:12 +0000] "POST /api/v1/users/ HTTP/1.1" 500 61 "-" "PostmanRuntime/7.42.0"

info: ::1 - - [16/Oct/2024:11:33:53 +0000] "POST /api/v1/users/ HTTP/1.1" 500 61 "-" "PostmanRuntime/7.42.0"

info: ::1 - - [16/Oct/2024:11:34:18 +0000] "POST /api/v1/users/register/ HTTP/1.1" 500 61 "-" "PostmanRuntime/7.42.0"

info: ::1 - - [16/Oct/2024:11:34:23 +0000] "GET /api/v1/users/register/ HTTP/1.1" 404 47 "-" "PostmanRuntime/7.42.0"

info: ::1 - - [16/Oct/2024:11:34:28 +0000] "POST /api/v1/users/register/ HTTP/1.1" 500 61 "-" "PostmanRuntime/7.42.0"

info: ::1 - - [16/Oct/2024:16:50:30 +0000] "POST /api/v1/users/register/ HTTP/1.1" 500 61 "-" "PostmanRuntime/7.42.0"

info: ::1 - - [16/Oct/2024:16:50:36 +0000] "POST /api/v1/users/register/ HTTP/1.1" 500 61 "-" "PostmanRuntime/7.42.0"

info: ::1 - - [16/Oct/2024:17:09:15 +0000] "POST /api/v1/users/register/ HTTP/1.1" 500 61 "-" "PostmanRuntime/7.42.0"

info: ::1 - - [16/Oct/2024:17:09:23 +0000] "GET /api/v1/users/register/ HTTP/1.1" 404 47 "-" "PostmanRuntime/7.42.0"

info: ::1 - - [16/Oct/2024:17:09:28 +0000] "PATCH /api/v1/users/register/ HTTP/1.1" 404 47 "-" "PostmanRuntime/7.42.0"

info: ::1 - - [16/Oct/2024:17:09:33 +0000] "PUT /api/v1/users/register/ HTTP/1.1" 404 47 "-" "PostmanRuntime/7.42.0"

info: ::1 - - [16/Oct/2024:17:09:51 +0000] "POST /api/v1/users/login/ HTTP/1.1" 500 86 "-" "PostmanRuntime/7.42.0"

info: ::1 - - [16/Oct/2024:17:11:59 +0000] "POST /api/v1/users/login/ HTTP/1.1" 200 261 "-" "PostmanRuntime/7.42.0"

info: ::1 - - [16/Oct/2024:17:14:03 +0000] "POST /api/v1/users/login/ HTTP/1.1" 200 261 "-" "PostmanRuntime/7.42.0"

info: ::1 - - [16/Oct/2024:17:14:27 +0000] "POST /api/v1/users/login/ HTTP/1.1" 200 261 "-" "PostmanRuntime/7.42.0"

info: ::1 - - [16/Oct/2024:17:14:45 +0000] "POST /api/v1/users/register/ HTTP/1.1" 500 143 "-" "PostmanRuntime/7.42.0"

info: ::1 - - [16/Oct/2024:17:15:01 +0000] "POST /api/v1/users/register/ HTTP/1.1" 500 61 "-" "PostmanRuntime/7.42.0"

info: ::1 - - [16/Oct/2024:17:15:42 +0000] "POST /api/v1/users/register/ HTTP/1.1" 500 61 "-" "PostmanRuntime/7.42.0"

info: ::1 - - [16/Oct/2024:17:16:40 +0000] "POST /api/v1/users/register/ HTTP/1.1" 500 61 "-" "PostmanRuntime/7.42.0"

info: ::1 - - [16/Oct/2024:17:18:45 +0000] "POST /api/v1/users/register/ HTTP/1.1" 404 47 "-" "PostmanRuntime/7.42.0"

info: ::1 - - [16/Oct/2024:17:18:50 +0000] "POST /api/v1/users/ HTTP/1.1" 500 61 "-" "PostmanRuntime/7.42.0"

info: ::1 - - [16/Oct/2024:17:21:19 +0000] "POST /api/v1/users/register/ HTTP/1.1" 404 47 "-" "PostmanRuntime/7.42.0"

info: ::1 - - [16/Oct/2024:17:21:25 +0000] "POST /api/v1/users/ HTTP/1.1" 201 271 "-" "PostmanRuntime/7.42.0"

info: ::1 - - [16/Oct/2024:17:21:40 +0000] "POST /api/v1/users/login/ HTTP/1.1" 401 39 "-" "PostmanRuntime/7.42.0"

info: ::1 - - [16/Oct/2024:17:21:54 +0000] "POST /api/v1/users/login/ HTTP/1.1" 401 39 "-" "PostmanRuntime/7.42.0"

info: ::1 - - [16/Oct/2024:17:21:58 +0000] "POST /api/v1/users/ HTTP/1.1" 500 61 "-" "PostmanRuntime/7.42.0"

info: ::1 - - [16/Oct/2024:17:22:05 +0000] "POST /api/v1/users/login/ HTTP/1.1" 401 39 "-" "PostmanRuntime/7.42.0"

info: ::1 - - [16/Oct/2024:17:27:05 +0000] "POST /api/v1/users/login/ HTTP/1.1" 400 56 "-" "PostmanRuntime/7.42.0"

info: ::1 - - [16/Oct/2024:17:27:14 +0000] "POST /api/v1/users/login/ HTTP/1.1" 400 56 "-" "PostmanRuntime/7.42.0"

info: ::1 - - [16/Oct/2024:17:28:44 +0000] "POST /api/v1/users/login/ HTTP/1.1" 401 39 "-" "PostmanRuntime/7.42.0"

info: ::1 - - [16/Oct/2024:17:30:16 +0000] "POST /api/v1/users/login/ HTTP/1.1" 200 41 "-" "PostmanRuntime/7.42.0"

info: ::1 - - [16/Oct/2024:17:33:39 +0000] "POST /api/v1/users/login/ HTTP/1.1" 200 41 "-" "PostmanRuntime/7.42.0"

info: ::1 - - [16/Oct/2024:17:34:05 +0000] "POST /api/v1/users/login/ HTTP/1.1" 200 43 "-" "PostmanRuntime/7.42.0"

info: ::1 - - [16/Oct/2024:17:35:04 +0000] "POST /api/v1/users/login/ HTTP/1.1" 500 93 "-" "PostmanRuntime/7.42.0"

info: ::1 - - [16/Oct/2024:17:36:07 +0000] "POST /api/v1/users/login/ HTTP/1.1" 200 41 "-" "PostmanRuntime/7.42.0"

info: ::1 - - [16/Oct/2024:17:36:17 +0000] "POST /api/v1/users/login/ HTTP/1.1" 200 41 "-" "PostmanRuntime/7.42.0"

info: ::1 - - [16/Oct/2024:17:36:27 +0000] "POST /api/v1/users/login/ HTTP/1.1" 200 41 "-" "PostmanRuntime/7.42.0"

info: ::1 - - [16/Oct/2024:17:36:32 +0000] "POST /api/v1/users/login/ HTTP/1.1" 200 41 "-" "PostmanRuntime/7.42.0"

info: ::1 - - [16/Oct/2024:17:37:17 +0000] "POST /api/v1/users/login/ HTTP/1.1" 401 39 "-" "PostmanRuntime/7.42.0"

info: ::1 - - [16/Oct/2024:17:37:26 +0000] "POST /api/v1/users/login/ HTTP/1.1" 200 41 "-" "PostmanRuntime/7.42.0"

info: ::1 - - [16/Oct/2024:17:38:35 +0000] "POST /api/v1/users/login/ HTTP/1.1" 200 30 "-" "PostmanRuntime/7.42.0"

info: ::1 - - [16/Oct/2024:17:38:49 +0000] "POST /api/v1/users/login/ HTTP/1.1" 401 28 "-" "PostmanRuntime/7.42.0"

info: ::1 - - [16/Oct/2024:17:39:40 +0000] "POST /api/v1/users/login/ HTTP/1.1" 401 28 "-" "PostmanRuntime/7.42.0"

info: ::1 - - [16/Oct/2024:17:41:28 +0000] "POST /api/v1/users/ HTTP/1.1" 500 61 "-" "PostmanRuntime/7.42.0"

info: ::1 - - [16/Oct/2024:17:41:34 +0000] "POST /api/v1/users/register/ HTTP/1.1" 404 47 "-" "PostmanRuntime/7.42.0"

info: ::1 - - [16/Oct/2024:17:42:08 +0000] "POST /api/v1/users/ HTTP/1.1" 500 61 "-" "PostmanRuntime/7.42.0"

info: ::1 - - [16/Oct/2024:17:42:54 +0000] "POST /api/v1/users/ HTTP/1.1" 500 61 "-" "PostmanRuntime/7.42.0"

info: ::1 - - [16/Oct/2024:17:43:08 +0000] "POST /api/v1/users/ HTTP/1.1" 201 273 "-" "PostmanRuntime/7.42.0"

info: ::1 - - [16/Oct/2024:17:44:13 +0000] "POST /api/v1/users/ HTTP/1.1" 500 61 "-" "PostmanRuntime/7.42.0"

info: ::1 - - [16/Oct/2024:17:49:27 +0000] "POST /api/v1/users/ HTTP/1.1" 500 61 "-" "PostmanRuntime/7.42.0"

info: ::1 - - [16/Oct/2024:17:49:31 +0000] "POST /api/v1/users/ HTTP/1.1" 500 61 "-" "PostmanRuntime/7.42.0"

info: ::1 - - [16/Oct/2024:17:49:44 +0000] "POST /api/v1/users/ HTTP/1.1" 500 61 "-" "PostmanRuntime/7.42.0"

error: uncaughtException: This error originated either by throwing inside of an async function without a catch block, or by rejecting a promise which was not handled with .catch(). The promise rejected with the reason "#<Object>".
UnhandledPromiseRejection: This error originated either by throwing inside of an async function without a catch block, or by rejecting a promise which was not handled with .catch(). The promise rejected with the reason "#<Object>".
    at throwUnhandledRejectionsMode (node:internal/process/promises:389:7)
    at processPromiseRejections (node:internal/process/promises:470:17)
    at processTicksAndRejections (node:internal/process/task_queues:96:32) {"date":"Wed Oct 16 2024 23:20:35 GMT+0530 (India Standard Time)","error":{"code":"ERR_UNHANDLED_REJECTION","name":"UnhandledPromiseRejection"},"exception":true,"os":{"loadavg":[0,0,0],"uptime":196039.968},"process":{"argv":["node","C:\\Users\\OM KAKDE\\Desktop\\ExpressJS\\fundooNotes_Application\\src\\index.js"],"cwd":"C:\\Users\\OM KAKDE\\Desktop\\ExpressJS\\fundooNotes_Application","execPath":"C:\\Program Files\\nodejs\\node.exe","gid":null,"memoryUsage":{"arrayBuffers":18289092,"external":21297914,"heapTotal":83714048,"heapUsed":51790320,"rss":123084800},"pid":36616,"uid":null,"version":"v20.17.0"},"stack":"UnhandledPromiseRejection: This error originated either by throwing inside of an async function without a catch block, or by rejecting a promise which was not handled with .catch(). The promise rejected with the reason \"#<Object>\".\n    at throwUnhandledRejectionsMode (node:internal/process/promises:389:7)\n    at processPromiseRejections (node:internal/process/promises:470:17)\n    at processTicksAndRejections (node:internal/process/task_queues:96:32)","trace":[{"column":7,"file":"node:internal/process/promises","function":"throwUnhandledRejectionsMode","line":389,"method":null,"native":false},{"column":17,"file":"node:internal/process/promises","function":"processPromiseRejections","line":470,"method":null,"native":false},{"column":32,"file":"node:internal/process/task_queues","function":"processTicksAndRejections","line":96,"method":null,"native":false}]}
info: ::1 - - [16/Oct/2024:17:52:57 +0000] "POST /api/v1/users/ HTTP/1.1" 500 61 "-" "PostmanRuntime/7.42.0"

info: ::1 - - [16/Oct/2024:17:53:46 +0000] "POST /api/v1/users/ HTTP/1.1" 500 61 "-" "PostmanRuntime/7.42.0"

info: ::1 - - [16/Oct/2024:17:55:49 +0000] "POST /api/v1/users/ HTTP/1.1" 500 61 "-" "PostmanRuntime/7.42.0"

info: ::1 - - [16/Oct/2024:17:59:24 +0000] "POST /api/v1/users/ HTTP/1.1" 500 61 "-" "PostmanRuntime/7.42.0"

info: ::1 - - [16/Oct/2024:17:59:44 +0000] "POST /api/v1/users/ HTTP/1.1" 500 143 "-" "PostmanRuntime/7.42.0"

info: ::1 - - [16/Oct/2024:18:00:02 +0000] "POST /api/v1/users/login/ HTTP/1.1" 401 28 "-" "PostmanRuntime/7.42.0"

info: ::1 - - [16/Oct/2024:18:00:11 +0000] "POST /api/v1/users/ HTTP/1.1" 500 143 "-" "PostmanRuntime/7.42.0"

info: ::1 - - [16/Oct/2024:18:02:41 +0000] "POST /api/v1/users/ HTTP/1.1" 500 70 "-" "PostmanRuntime/7.42.0"

info: ::1 - - [16/Oct/2024:18:06:24 +0000] "POST /api/v1/users/ HTTP/1.1" 500 61 "-" "PostmanRuntime/7.42.0"

info: ::1 - - [16/Oct/2024:18:08:38 +0000] "POST /api/v1/users/ HTTP/1.1" 201 270 "-" "PostmanRuntime/7.42.0"

info: ::1 - - [16/Oct/2024:18:09:41 +0000] "POST /api/v1/users/ HTTP/1.1" 201 272 "-" "PostmanRuntime/7.42.0"

info: ::1 - - [16/Oct/2024:18:10:14 +0000] "POST /api/v1/users/ HTTP/1.1" 500 143 "-" "PostmanRuntime/7.42.0"

info: ::1 - - [16/Oct/2024:18:10:20 +0000] "POST /api/v1/users/login/ HTTP/1.1" 200 30 "-" "PostmanRuntime/7.42.0"

info: ::1 - - [16/Oct/2024:18:10:53 +0000] "POST /api/v1/users/login/ HTTP/1.1" 200 30 "-" "PostmanRuntime/7.42.0"

